0 info it worked if it ends with ok
1 verbose cli [ 'C:\\Program Files\\nodejs\\node.exe',
1 verbose cli   'C:\\Program Files\\nodejs\\node_modules\\npm\\bin\\npm-cli.js',
1 verbose cli   'run',
1 verbose cli   'clean' ]
2 info using npm@3.10.10
3 info using node@v6.11.1
4 verbose run-script [ 'preclean', 'clean', 'postclean' ]
5 info lifecycle p5distancia@0.0.1~preclean: p5distancia@0.0.1
6 silly lifecycle p5distancia@0.0.1~preclean: no script for preclean, continuing
7 info lifecycle p5distancia@0.0.1~clean: p5distancia@0.0.1
8 verbose lifecycle p5distancia@0.0.1~clean: unsafe-perm in lifecycle true
9 verbose lifecycle p5distancia@0.0.1~clean: PATH: C:\Program Files\nodejs\node_modules\npm\bin\node-gyp-bin;C:\Users\David\Documents\GitHub\p5\node_modules\.bin;C:\Users\David\Documents\GitHub\p5\node_modules\.bin;C:\Users\David\AppData\Local\Yarn\config\link\node_modules\.bin;C:\Users\David\Documents\GitHub\p5\node_modules\.bin;C:\Users\David\AppData\Local\Yarn\config\link\node_modules\.bin;C:\Users\David\AppData\Roaming\npm;C:\Program Files\lib\node_modules\npm\bin\node-gyp-bin;C:\Program Files\nodejs\node_modules\npm\bin\node-gyp-bin;C:\ProgramData\Oracle\Java\javapath;C:\Windows\system32;C:\Windows;C:\Windows\System32\Wbem;C:\Windows\System32\WindowsPowerShell\v1.0\;C:\Program Files\Git\cmd;C:\Program Files\Microsoft SQL Server\130\Tools\Binn\;C:\Program Files\dotnet\;C:\Program Files (x86)\Yarn\bin;C:\Program Files\MiKTeX 2.9\miktex\bin\x64\;C:\Python27;C:\Users\David\AppData\Local\Microsoft\WindowsApps;C:\Program Files (x86)\Microsoft VS Code\bin;C:\Users\David\AppData\Roaming\npm;C:\Users\David\AppData\Local\Yarn\bin;C:\ProgramData\ComposerSetup\bin;C:\Go\bin;C:\Program Files\nodejs\;C:\Program Files\php\v7.1;C:\Program Files (x86)\nodejs\;C:\RailsInstaller\Git\cmd;C:\RailsInstaller\Ruby2.3.0\bin;C:\Users\David\AppData\Local\Microsoft\WindowsApps;C:\Users\David\AppData\Local\Yarn\bin;C:\Program Files\Docker Toolbox;C:\Program Files\Java\jdk1.8.0_131;C:\Program Files\Java\jdk1.8.0_131\jre;C:\Program Files\Java\jdk1.8.0_131;C:\Users\David\AppData\Roaming\Composer\vendor\bin;C:\Users\David\AppData\Roaming\npm;C:\Users\David\AppData\Local\now-cli;C:\Users\David\AppData\Roaming\npm\;C:\Users\David\AppData\Local\.meteor\;C:\Users\David\AppData\Local\GitHubDesktop\bin;C:\Program Files\Microsoft VS Code\bin
10 verbose lifecycle p5distancia@0.0.1~clean: CWD: C:\Users\David\Documents\GitHub\p5
11 silly lifecycle p5distancia@0.0.1~clean: Args: [ '/d /s /c', 'rmdir -r dist' ]
12 silly lifecycle p5distancia@0.0.1~clean: Returned: code: 2  signal: null
13 info lifecycle p5distancia@0.0.1~clean: Failed to exec clean script
14 verbose stack Error: p5distancia@0.0.1 clean: `rmdir -r dist`
14 verbose stack Exit status 2
14 verbose stack     at EventEmitter.<anonymous> (C:\Program Files\nodejs\node_modules\npm\lib\utils\lifecycle.js:255:16)
14 verbose stack     at emitTwo (events.js:106:13)
14 verbose stack     at EventEmitter.emit (events.js:191:7)
14 verbose stack     at ChildProcess.<anonymous> (C:\Program Files\nodejs\node_modules\npm\lib\utils\spawn.js:40:14)
14 verbose stack     at emitTwo (events.js:106:13)
14 verbose stack     at ChildProcess.emit (events.js:191:7)
14 verbose stack     at maybeClose (internal/child_process.js:891:16)
14 verbose stack     at Process.ChildProcess._handle.onexit (internal/child_process.js:226:5)
15 verbose pkgid p5distancia@0.0.1
16 verbose cwd C:\Users\David\Documents\GitHub\p5
17 error Windows_NT 10.0.15063
18 error argv "C:\\Program Files\\nodejs\\node.exe" "C:\\Program Files\\nodejs\\node_modules\\npm\\bin\\npm-cli.js" "run" "clean"
19 error node v6.11.1
20 error npm  v3.10.10
21 error code ELIFECYCLE
22 error p5distancia@0.0.1 clean: `rmdir -r dist`
22 error Exit status 2
23 error Failed at the p5distancia@0.0.1 clean script 'rmdir -r dist'.
23 error Make sure you have the latest version of node.js and npm installed.
23 error If you do, this is most likely a problem with the p5distancia package,
23 error not with npm itself.
23 error Tell the author that this fails on your system:
23 error     rmdir -r dist
23 error You can get information on how to open an issue for this project with:
23 error     npm bugs p5distancia
23 error Or if that isn't available, you can get their info via:
23 error     npm owner ls p5distancia
23 error There is likely additional logging output above.
24 verbose exit [ 1, true ]
